Determining if the pthread_create exist failed with the following output:
Change Dir: /root/data/xmr-stak/CMakeFiles/CMakeTmp

Run Build Command:"/usr/bin/gmake" "cmTC_de0eb/fast"
/usr/bin/gmake -f CMakeFiles/cmTC_de0eb.dir/build.make CMakeFiles/cmTC_de0eb.dir/build
gmake[1]: Entering directory `/root/data/xmr-stak/CMakeFiles/CMakeTmp'
Building C object CMakeFiles/cmTC_de0eb.dir/CheckSymbolExists.c.o
/opt/rh/devtoolset-4/root/usr/bin/cc   -march=native -mtune=native     -o CMakeFiles/cmTC_de0eb.dir/CheckSymbolExists.c.o   -c /root/data/xmr-stak/CMakeFiles/CMakeTmp/CheckSymbolExists.c
Linking C executable cmTC_de0eb
/usr/bin/cmake3 -E cmake_link_script CMakeFiles/cmTC_de0eb.dir/link.txt --verbose=1
/opt/rh/devtoolset-4/root/usr/bin/cc -march=native -mtune=native      CMakeFiles/cmTC_de0eb.dir/CheckSymbolExists.c.o  -o cmTC_de0eb 
CMakeFiles/cmTC_de0eb.dir/CheckSymbolExists.c.o: In function `main':
CheckSymbolExists.c:(.text+0x16): undefined reference to `pthread_create'
collect2: error: ld returned 1 exit status
gmake[1]: *** [cmTC_de0eb] Error 1
gmake[1]: Leaving directory `/root/data/xmr-stak/CMakeFiles/CMakeTmp'
gmake: *** [cmTC_de0eb/fast] Error 2

File /root/data/xmr-stak/CMakeFiles/CMakeTmp/CheckSymbolExists.c:
/* */
#include <pthread.h>

int main(int argc, char** argv)
{
  (void)argv;
#ifndef pthread_create
  return ((int*)(&pthread_create))[argc];
#else
  (void)argc;
  return 0;
#endif
}

Determining if the function pthread_create exists in the pthreads failed with the following output:
Change Dir: /root/data/xmr-stak/CMakeFiles/CMakeTmp

Run Build Command:"/usr/bin/gmake" "cmTC_1a0dd/fast"
/usr/bin/gmake -f CMakeFiles/cmTC_1a0dd.dir/build.make CMakeFiles/cmTC_1a0dd.dir/build
gmake[1]: Entering directory `/root/data/xmr-stak/CMakeFiles/CMakeTmp'
Building C object CMakeFiles/cmTC_1a0dd.dir/CheckFunctionExists.c.o
/opt/rh/devtoolset-4/root/usr/bin/cc   -march=native -mtune=native  -DCHECK_FUNCTION_EXISTS=pthread_create   -o CMakeFiles/cmTC_1a0dd.dir/CheckFunctionExists.c.o   -c /usr/share/cmake3/Modules/CheckFunctionExists.c
Linking C executable cmTC_1a0dd
/usr/bin/cmake3 -E cmake_link_script CMakeFiles/cmTC_1a0dd.dir/link.txt --verbose=1
/opt/rh/devtoolset-4/root/usr/bin/cc -march=native -mtune=native  -DCHECK_FUNCTION_EXISTS=pthread_create    CMakeFiles/cmTC_1a0dd.dir/CheckFunctionExists.c.o  -o cmTC_1a0dd -lpthreads 
/usr/bin/ld: cannot find -lpthreads
collect2: error: ld returned 1 exit status
gmake[1]: *** [cmTC_1a0dd] Error 1
gmake[1]: Leaving directory `/root/data/xmr-stak/CMakeFiles/CMakeTmp'
gmake: *** [cmTC_1a0dd/fast] Error 2


