The system is: Linux - 3.10.0-693.21.1.el7.x86_64 - x86_64
Compiling the C compiler identification source file "CMakeCCompilerId.c" succeeded.
Compiler: /opt/rh/devtoolset-4/root/usr/bin/cc 
Build flags: 
Id flags:  

The output was:
0


Compilation of the C compiler identification source "CMakeCCompilerId.c" produced "a.out"

The C compiler identification is GNU, found in "/root/data/xmr-stak/CMakeFiles/3.11.2/CompilerIdC/a.out"

Compiling the CXX compiler identification source file "CMakeCXXCompilerId.cpp" succeeded.
Compiler: /opt/rh/devtoolset-4/root/usr/bin/c++ 
Build flags: 
Id flags:  

The output was:
0


Compilation of the CXX compiler identification source "CMakeCXXCompilerId.cpp" produced "a.out"

The CXX compiler identification is GNU, found in "/root/data/xmr-stak/CMakeFiles/3.11.2/CompilerIdCXX/a.out"

Determining if the C compiler works passed with the following output:
Change Dir: /root/data/xmr-stak/CMakeFiles/CMakeTmp

Run Build Command:"/usr/bin/gmake" "cmTC_c463d/fast"
/usr/bin/gmake -f CMakeFiles/cmTC_c463d.dir/build.make CMakeFiles/cmTC_c463d.dir/build
gmake[1]: Entering directory `/root/data/xmr-stak/CMakeFiles/CMakeTmp'
Building C object CMakeFiles/cmTC_c463d.dir/testCCompiler.c.o
/opt/rh/devtoolset-4/root/usr/bin/cc    -o CMakeFiles/cmTC_c463d.dir/testCCompiler.c.o   -c /root/data/xmr-stak/CMakeFiles/CMakeTmp/testCCompiler.c
Linking C executable cmTC_c463d
/usr/bin/cmake3 -E cmake_link_script CMakeFiles/cmTC_c463d.dir/link.txt --verbose=1
/opt/rh/devtoolset-4/root/usr/bin/cc      -rdynamic CMakeFiles/cmTC_c463d.dir/testCCompiler.c.o  -o cmTC_c463d 
gmake[1]: Leaving directory `/root/data/xmr-stak/CMakeFiles/CMakeTmp'


Detecting C compiler ABI info compiled with the following output:
Change Dir: /root/data/xmr-stak/CMakeFiles/CMakeTmp

Run Build Command:"/usr/bin/gmake" "cmTC_182ab/fast"
/usr/bin/gmake -f CMakeFiles/cmTC_182ab.dir/build.make CMakeFiles/cmTC_182ab.dir/build
gmake[1]: Entering directory `/root/data/xmr-stak/CMakeFiles/CMakeTmp'
Building C object CMakeFiles/cmTC_182ab.dir/CMakeCCompilerABI.c.o
/opt/rh/devtoolset-4/root/usr/bin/cc    -o CMakeFiles/cmTC_182ab.dir/CMakeCCompilerABI.c.o   -c /usr/share/cmake3/Modules/CMakeCCompilerABI.c
Linking C executable cmTC_182ab
/usr/bin/cmake3 -E cmake_link_script CMakeFiles/cmTC_182ab.dir/link.txt --verbose=1
/opt/rh/devtoolset-4/root/usr/bin/cc     -v -rdynamic CMakeFiles/cmTC_182ab.dir/CMakeCCompilerABI.c.o  -o cmTC_182ab 
Using built-in specs.
COLLECT_GCC=/opt/rh/devtoolset-4/root/usr/bin/cc
COLLECT_LTO_WRAPPER=/opt/rh/devtoolset-4/root/usr/libexec/gcc/x86_64-redhat-linux/5.3.1/lto-wrapper
Target: x86_64-redhat-linux
Configured with: ../configure --enable-bootstrap --enable-languages=c,c++,fortran,lto --prefix=/opt/rh/devtoolset-4/root/usr --mandir=/opt/rh/devtoolset-4/root/usr/share/man --infodir=/opt/rh/devtoolset-4/root/usr/share/info --with-bugurl=http://bugzilla.redhat.com/bugzilla --enable-shared --enable-threads=posix --enable-checking=release --enable-multilib --with-system-zlib --enable-__cxa_atexit --disable-libunwind-exceptions --enable-gnu-unique-object --enable-linker-build-id --enable-plugin --with-linker-hash-style=gnu --enable-initfini-array --disable-libgcj --with-default-libstdcxx-abi=gcc4-compatible --with-isl=/builddir/build/BUILD/gcc-5.3.1-20160406/obj-x86_64-redhat-linux/isl-install --enable-libmpx --enable-gnu-indirect-function --with-tune=generic --with-arch_32=i686 --build=x86_64-redhat-linux
Thread model: posix
gcc version 5.3.1 20160406 (Red Hat 5.3.1-6) (GCC) 
COMPILER_PATH=/opt/rh/devtoolset-4/root/usr/libexec/gcc/x86_64-redhat-linux/5.3.1/:/opt/rh/devtoolset-4/root/usr/libexec/gcc/x86_64-redhat-linux/5.3.1/:/opt/rh/devtoolset-4/root/usr/libexec/gcc/x86_64-redhat-linux/:/opt/rh/devtoolset-4/root/usr/lib/gcc/x86_64-redhat-linux/5.3.1/:/opt/rh/devtoolset-4/root/usr/lib/gcc/x86_64-redhat-linux/
LIBRARY_PATH=/opt/rh/devtoolset-4/root/usr/lib/gcc/x86_64-redhat-linux/5.3.1/:/opt/rh/devtoolset-4/root/usr/lib/gcc/x86_64-redhat-linux/5.3.1/../../../../lib64/:/lib/../lib64/:/usr/lib/../lib64/:/opt/rh/devtoolset-4/root/usr/lib/gcc/x86_64-redhat-linux/5.3.1/../../../:/lib/:/usr/lib/
COLLECT_GCC_OPTIONS='-v' '-rdynamic' '-o' 'cmTC_182ab' '-mtune=generic' '-march=x86-64'
 /opt/rh/devtoolset-4/root/usr/libexec/gcc/x86_64-redhat-linux/5.3.1/collect2 -plugin /opt/rh/devtoolset-4/root/usr/libexec/gcc/x86_64-redhat-linux/5.3.1/liblto_plugin.so -plugin-opt=/opt/rh/devtoolset-4/root/usr/libexec/gcc/x86_64-redhat-linux/5.3.1/lto-wrapper -plugin-opt=-fresolution=/tmp/ccWVzBMj.res -plugin-opt=-pass-through=-lgcc -plugin-opt=-pass-through=-lgcc_s -plugin-opt=-pass-through=-lc -plugin-opt=-pass-through=-lgcc -plugin-opt=-pass-through=-lgcc_s --build-id --no-add-needed --eh-frame-hdr --hash-style=gnu -m elf_x86_64 -export-dynamic -dynamic-linker /lib64/ld-linux-x86-64.so.2 -o cmTC_182ab /lib/../lib64/crt1.o /lib/../lib64/crti.o /opt/rh/devtoolset-4/root/usr/lib/gcc/x86_64-redhat-linux/5.3.1/crtbegin.o -L/opt/rh/devtoolset-4/root/usr/lib/gcc/x86_64-redhat-linux/5.3.1 -L/opt/rh/devtoolset-4/root/usr/lib/gcc/x86_64-redhat-linux/5.3.1/../../../../lib64 -L/lib/../lib64 -L/usr/lib/../lib64 -L/opt/rh/devtoolset-4/root/usr/lib/gcc/x86_64-redhat-linux/5.3.1/../../.. CMakeFiles/cmTC_182ab.dir/CMakeCCompilerABI.c.o -lgcc --as-needed -lgcc_s --no-as-needed -lc -lgcc --as-needed -lgcc_s --no-as-needed /opt/rh/devtoolset-4/root/usr/lib/gcc/x86_64-redhat-linux/5.3.1/crtend.o /lib/../lib64/crtn.o
gmake[1]: Leaving directory `/root/data/xmr-stak/CMakeFiles/CMakeTmp'


Parsed C implicit link information from above output:
  link line regex: [^( *|.*[/\])(ld|CMAKE_LINK_STARTFILE-NOTFOUND|([^/\]+-)?ld|collect2)[^/\]*( |$)]
  ignore line: [Change Dir: /root/data/xmr-stak/CMakeFiles/CMakeTmp]
  ignore line: []
  ignore line: [Run Build Command:"/usr/bin/gmake" "cmTC_182ab/fast"]
  ignore line: [/usr/bin/gmake -f CMakeFiles/cmTC_182ab.dir/build.make CMakeFiles/cmTC_182ab.dir/build]
  ignore line: [gmake[1]: Entering directory `/root/data/xmr-stak/CMakeFiles/CMakeTmp']
  ignore line: [Building C object CMakeFiles/cmTC_182ab.dir/CMakeCCompilerABI.c.o]
  ignore line: [/opt/rh/devtoolset-4/root/usr/bin/cc    -o CMakeFiles/cmTC_182ab.dir/CMakeCCompilerABI.c.o   -c /usr/share/cmake3/Modules/CMakeCCompilerABI.c]
  ignore line: [Linking C executable cmTC_182ab]
  ignore line: [/usr/bin/cmake3 -E cmake_link_script CMakeFiles/cmTC_182ab.dir/link.txt --verbose=1]
  ignore line: [/opt/rh/devtoolset-4/root/usr/bin/cc     -v -rdynamic CMakeFiles/cmTC_182ab.dir/CMakeCCompilerABI.c.o  -o cmTC_182ab ]
  ignore line: [Using built-in specs.]
  ignore line: [COLLECT_GCC=/opt/rh/devtoolset-4/root/usr/bin/cc]
  ignore line: [COLLECT_LTO_WRAPPER=/opt/rh/devtoolset-4/root/usr/libexec/gcc/x86_64-redhat-linux/5.3.1/lto-wrapper]
  ignore line: [Target: x86_64-redhat-linux]
  ignore line: [Configured with: ../configure --enable-bootstrap --enable-languages=c,c++,fortran,lto --prefix=/opt/rh/devtoolset-4/root/usr --mandir=/opt/rh/devtoolset-4/root/usr/share/man --infodir=/opt/rh/devtoolset-4/root/usr/share/info --with-bugurl=http://bugzilla.redhat.com/bugzilla --enable-shared --enable-threads=posix --enable-checking=release --enable-multilib --with-system-zlib --enable-__cxa_atexit --disable-libunwind-exceptions --enable-gnu-unique-object --enable-linker-build-id --enable-plugin --with-linker-hash-style=gnu --enable-initfini-array --disable-libgcj --with-default-libstdcxx-abi=gcc4-compatible --with-isl=/builddir/build/BUILD/gcc-5.3.1-20160406/obj-x86_64-redhat-linux/isl-install --enable-libmpx --enable-gnu-indirect-function --with-tune=generic --with-arch_32=i686 --build=x86_64-redhat-linux]
  ignore line: [Thread model: posix]
  ignore line: [gcc version 5.3.1 20160406 (Red Hat 5.3.1-6) (GCC) ]
  ignore line: [COMPILER_PATH=/opt/rh/devtoolset-4/root/usr/libexec/gcc/x86_64-redhat-linux/5.3.1/:/opt/rh/devtoolset-4/root/usr/libexec/gcc/x86_64-redhat-linux/5.3.1/:/opt/rh/devtoolset-4/root/usr/libexec/gcc/x86_64-redhat-linux/:/opt/rh/devtoolset-4/root/usr/lib/gcc/x86_64-redhat-linux/5.3.1/:/opt/rh/devtoolset-4/root/usr/lib/gcc/x86_64-redhat-linux/]
  ignore line: [LIBRARY_PATH=/opt/rh/devtoolset-4/root/usr/lib/gcc/x86_64-redhat-linux/5.3.1/:/opt/rh/devtoolset-4/root/usr/lib/gcc/x86_64-redhat-linux/5.3.1/../../../../lib64/:/lib/../lib64/:/usr/lib/../lib64/:/opt/rh/devtoolset-4/root/usr/lib/gcc/x86_64-redhat-linux/5.3.1/../../../:/lib/:/usr/lib/]
  ignore line: [COLLECT_GCC_OPTIONS='-v' '-rdynamic' '-o' 'cmTC_182ab' '-mtune=generic' '-march=x86-64']
  link line: [ /opt/rh/devtoolset-4/root/usr/libexec/gcc/x86_64-redhat-linux/5.3.1/collect2 -plugin /opt/rh/devtoolset-4/root/usr/libexec/gcc/x86_64-redhat-linux/5.3.1/liblto_plugin.so -plugin-opt=/opt/rh/devtoolset-4/root/usr/libexec/gcc/x86_64-redhat-linux/5.3.1/lto-wrapper -plugin-opt=-fresolution=/tmp/ccWVzBMj.res -plugin-opt=-pass-through=-lgcc -plugin-opt=-pass-through=-lgcc_s -plugin-opt=-pass-through=-lc -plugin-opt=-pass-through=-lgcc -plugin-opt=-pass-through=-lgcc_s --build-id --no-add-needed --eh-frame-hdr --hash-style=gnu -m elf_x86_64 -export-dynamic -dynamic-linker /lib64/ld-linux-x86-64.so.2 -o cmTC_182ab /lib/../lib64/crt1.o /lib/../lib64/crti.o /opt/rh/devtoolset-4/root/usr/lib/gcc/x86_64-redhat-linux/5.3.1/crtbegin.o -L/opt/rh/devtoolset-4/root/usr/lib/gcc/x86_64-redhat-linux/5.3.1 -L/opt/rh/devtoolset-4/root/usr/lib/gcc/x86_64-redhat-linux/5.3.1/../../../../lib64 -L/lib/../lib64 -L/usr/lib/../lib64 -L/opt/rh/devtoolset-4/root/usr/lib/gcc/x86_64-redhat-linux/5.3.1/../../.. CMakeFiles/cmTC_182ab.dir/CMakeCCompilerABI.c.o -lgcc --as-needed -lgcc_s --no-as-needed -lc -lgcc --as-needed -lgcc_s --no-as-needed /opt/rh/devtoolset-4/root/usr/lib/gcc/x86_64-redhat-linux/5.3.1/crtend.o /lib/../lib64/crtn.o]
    arg [/opt/rh/devtoolset-4/root/usr/libexec/gcc/x86_64-redhat-linux/5.3.1/collect2] ==> ignore
    arg [-plugin] ==> ignore
    arg [/opt/rh/devtoolset-4/root/usr/libexec/gcc/x86_64-redhat-linux/5.3.1/liblto_plugin.so] ==> ignore
    arg [-plugin-opt=/opt/rh/devtoolset-4/root/usr/libexec/gcc/x86_64-redhat-linux/5.3.1/lto-wrapper] ==> ignore
    arg [-plugin-opt=-fresolution=/tmp/ccWVzBMj.res] ==> ignore
    arg [-plugin-opt=-pass-through=-lgcc] ==> ignore
    arg [-plugin-opt=-pass-through=-lgcc_s] ==> ignore
    arg [-plugin-opt=-pass-through=-lc] ==> ignore
    arg [-plugin-opt=-pass-through=-lgcc] ==> ignore
    arg [-plugin-opt=-pass-through=-lgcc_s] ==> ignore
    arg [--build-id] ==> ignore
    arg [--no-add-needed] ==> ignore
    arg [--eh-frame-hdr] ==> ignore
    arg [--hash-style=gnu] ==> ignore
    arg [-m] ==> ignore
    arg [elf_x86_64] ==> ignore
    arg [-export-dynamic] ==> ignore
    arg [-dynamic-linker] ==> ignore
    arg [/lib64/ld-linux-x86-64.so.2] ==> ignore
    arg [-o] ==> ignore
    arg [cmTC_182ab] ==> ignore
    arg [/lib/../lib64/crt1.o] ==> ignore
    arg [/lib/../lib64/crti.o] ==> ignore
    arg [/opt/rh/devtoolset-4/root/usr/lib/gcc/x86_64-redhat-linux/5.3.1/crtbegin.o] ==> ignore
    arg [-L/opt/rh/devtoolset-4/root/usr/lib/gcc/x86_64-redhat-linux/5.3.1] ==> dir [/opt/rh/devtoolset-4/root/usr/lib/gcc/x86_64-redhat-linux/5.3.1]
    arg [-L/opt/rh/devtoolset-4/root/usr/lib/gcc/x86_64-redhat-linux/5.3.1/../../../../lib64] ==> dir [/opt/rh/devtoolset-4/root/usr/lib/gcc/x86_64-redhat-linux/5.3.1/../../../../lib64]
    arg [-L/lib/../lib64] ==> dir [/lib/../lib64]
    arg [-L/usr/lib/../lib64] ==> dir [/usr/lib/../lib64]
    arg [-L/opt/rh/devtoolset-4/root/usr/lib/gcc/x86_64-redhat-linux/5.3.1/../../..] ==> dir [/opt/rh/devtoolset-4/root/usr/lib/gcc/x86_64-redhat-linux/5.3.1/../../..]
    arg [CMakeFiles/cmTC_182ab.dir/CMakeCCompilerABI.c.o] ==> ignore
    arg [-lgcc] ==> lib [gcc]
    arg [--as-needed] ==> ignore
    arg [-lgcc_s] ==> lib [gcc_s]
    arg [--no-as-needed] ==> ignore
    arg [-lc] ==> lib [c]
    arg [-lgcc] ==> lib [gcc]
    arg [--as-needed] ==> ignore
    arg [-lgcc_s] ==> lib [gcc_s]
    arg [--no-as-needed] ==> ignore
    arg [/opt/rh/devtoolset-4/root/usr/lib/gcc/x86_64-redhat-linux/5.3.1/crtend.o] ==> ignore
    arg [/lib/../lib64/crtn.o] ==> ignore
  collapse library dir [/opt/rh/devtoolset-4/root/usr/lib/gcc/x86_64-redhat-linux/5.3.1] ==> [/opt/rh/devtoolset-4/root/usr/lib/gcc/x86_64-redhat-linux/5.3.1]
  collapse library dir [/opt/rh/devtoolset-4/root/usr/lib/gcc/x86_64-redhat-linux/5.3.1/../../../../lib64] ==> [/opt/rh/devtoolset-4/root/usr/lib64]
  collapse library dir [/lib/../lib64] ==> [/lib64]
  collapse library dir [/usr/lib/../lib64] ==> [/usr/lib64]
  collapse library dir [/opt/rh/devtoolset-4/root/usr/lib/gcc/x86_64-redhat-linux/5.3.1/../../..] ==> [/opt/rh/devtoolset-4/root/usr/lib]
  implicit libs: [gcc;gcc_s;c;gcc;gcc_s]
  implicit dirs: [/opt/rh/devtoolset-4/root/usr/lib/gcc/x86_64-redhat-linux/5.3.1;/opt/rh/devtoolset-4/root/usr/lib64;/lib64;/usr/lib64;/opt/rh/devtoolset-4/root/usr/lib]
  implicit fwks: []




Detecting C [-std=c11] compiler features compiled with the following output:
Change Dir: /root/data/xmr-stak/CMakeFiles/CMakeTmp

Run Build Command:"/usr/bin/gmake" "cmTC_00e36/fast"
/usr/bin/gmake -f CMakeFiles/cmTC_00e36.dir/build.make CMakeFiles/cmTC_00e36.dir/build
gmake[1]: Entering directory `/root/data/xmr-stak/CMakeFiles/CMakeTmp'
Building C object CMakeFiles/cmTC_00e36.dir/feature_tests.c.o
/opt/rh/devtoolset-4/root/usr/bin/cc   -std=c11 -o CMakeFiles/cmTC_00e36.dir/feature_tests.c.o   -c /root/data/xmr-stak/CMakeFiles/feature_tests.c
Linking C executable cmTC_00e36
/usr/bin/cmake3 -E cmake_link_script CMakeFiles/cmTC_00e36.dir/link.txt --verbose=1
/opt/rh/devtoolset-4/root/usr/bin/cc      -rdynamic CMakeFiles/cmTC_00e36.dir/feature_tests.c.o  -o cmTC_00e36 
gmake[1]: Leaving directory `/root/data/xmr-stak/CMakeFiles/CMakeTmp'


    Feature record: C_FEATURE:1c_function_prototypes
    Feature record: C_FEATURE:1c_restrict
    Feature record: C_FEATURE:1c_static_assert
    Feature record: C_FEATURE:1c_variadic_macros


Detecting C [-std=c99] compiler features compiled with the following output:
Change Dir: /root/data/xmr-stak/CMakeFiles/CMakeTmp

Run Build Command:"/usr/bin/gmake" "cmTC_abffe/fast"
/usr/bin/gmake -f CMakeFiles/cmTC_abffe.dir/build.make CMakeFiles/cmTC_abffe.dir/build
gmake[1]: Entering directory `/root/data/xmr-stak/CMakeFiles/CMakeTmp'
Building C object CMakeFiles/cmTC_abffe.dir/feature_tests.c.o
/opt/rh/devtoolset-4/root/usr/bin/cc   -std=c99 -o CMakeFiles/cmTC_abffe.dir/feature_tests.c.o   -c /root/data/xmr-stak/CMakeFiles/feature_tests.c
Linking C executable cmTC_abffe
/usr/bin/cmake3 -E cmake_link_script CMakeFiles/cmTC_abffe.dir/link.txt --verbose=1
/opt/rh/devtoolset-4/root/usr/bin/cc      -rdynamic CMakeFiles/cmTC_abffe.dir/feature_tests.c.o  -o cmTC_abffe 
gmake[1]: Leaving directory `/root/data/xmr-stak/CMakeFiles/CMakeTmp'


    Feature record: C_FEATURE:1c_function_prototypes
    Feature record: C_FEATURE:1c_restrict
    Feature record: C_FEATURE:0c_static_assert
    Feature record: C_FEATURE:1c_variadic_macros


Detecting C [-std=c90] compiler features compiled with the following output:
Change Dir: /root/data/xmr-stak/CMakeFiles/CMakeTmp

Run Build Command:"/usr/bin/gmake" "cmTC_b25bf/fast"
/usr/bin/gmake -f CMakeFiles/cmTC_b25bf.dir/build.make CMakeFiles/cmTC_b25bf.dir/build
gmake[1]: Entering directory `/root/data/xmr-stak/CMakeFiles/CMakeTmp'
Building C object CMakeFiles/cmTC_b25bf.dir/feature_tests.c.o
/opt/rh/devtoolset-4/root/usr/bin/cc   -std=c90 -o CMakeFiles/cmTC_b25bf.dir/feature_tests.c.o   -c /root/data/xmr-stak/CMakeFiles/feature_tests.c
Linking C executable cmTC_b25bf
/usr/bin/cmake3 -E cmake_link_script CMakeFiles/cmTC_b25bf.dir/link.txt --verbose=1
/opt/rh/devtoolset-4/root/usr/bin/cc      -rdynamic CMakeFiles/cmTC_b25bf.dir/feature_tests.c.o  -o cmTC_b25bf 
gmake[1]: Leaving directory `/root/data/xmr-stak/CMakeFiles/CMakeTmp'


    Feature record: C_FEATURE:1c_function_prototypes
    Feature record: C_FEATURE:0c_restrict
    Feature record: C_FEATURE:0c_static_assert
    Feature record: C_FEATURE:0c_variadic_macros
Determining if the CXX compiler works passed with the following output:
Change Dir: /root/data/xmr-stak/CMakeFiles/CMakeTmp

Run Build Command:"/usr/bin/gmake" "cmTC_77ee3/fast"
/usr/bin/gmake -f CMakeFiles/cmTC_77ee3.dir/build.make CMakeFiles/cmTC_77ee3.dir/build
gmake[1]: Entering directory `/root/data/xmr-stak/CMakeFiles/CMakeTmp'
Building CXX object CMakeFiles/cmTC_77ee3.dir/testCXXCompiler.cxx.o
/opt/rh/devtoolset-4/root/usr/bin/c++     -o CMakeFiles/cmTC_77ee3.dir/testCXXCompiler.cxx.o -c /root/data/xmr-stak/CMakeFiles/CMakeTmp/testCXXCompiler.cxx
Linking CXX executable cmTC_77ee3
/usr/bin/cmake3 -E cmake_link_script CMakeFiles/cmTC_77ee3.dir/link.txt --verbose=1
/opt/rh/devtoolset-4/root/usr/bin/c++       -rdynamic CMakeFiles/cmTC_77ee3.dir/testCXXCompiler.cxx.o  -o cmTC_77ee3 
gmake[1]: Leaving directory `/root/data/xmr-stak/CMakeFiles/CMakeTmp'


Detecting CXX compiler ABI info compiled with the following output:
Change Dir: /root/data/xmr-stak/CMakeFiles/CMakeTmp

Run Build Command:"/usr/bin/gmake" "cmTC_32543/fast"
/usr/bin/gmake -f CMakeFiles/cmTC_32543.dir/build.make CMakeFiles/cmTC_32543.dir/build
gmake[1]: Entering directory `/root/data/xmr-stak/CMakeFiles/CMakeTmp'
Building CXX object CMakeFiles/cmTC_32543.dir/CMakeCXXCompilerABI.cpp.o
/opt/rh/devtoolset-4/root/usr/bin/c++     -o CMakeFiles/cmTC_32543.dir/CMakeCXXCompilerABI.cpp.o -c /usr/share/cmake3/Modules/CMakeCXXCompilerABI.cpp
Linking CXX executable cmTC_32543
/usr/bin/cmake3 -E cmake_link_script CMakeFiles/cmTC_32543.dir/link.txt --verbose=1
/opt/rh/devtoolset-4/root/usr/bin/c++      -v -rdynamic CMakeFiles/cmTC_32543.dir/CMakeCXXCompilerABI.cpp.o  -o cmTC_32543 
Using built-in specs.
COLLECT_GCC=/opt/rh/devtoolset-4/root/usr/bin/c++
COLLECT_LTO_WRAPPER=/opt/rh/devtoolset-4/root/usr/libexec/gcc/x86_64-redhat-linux/5.3.1/lto-wrapper
Target: x86_64-redhat-linux
Configured with: ../configure --enable-bootstrap --enable-languages=c,c++,fortran,lto --prefix=/opt/rh/devtoolset-4/root/usr --mandir=/opt/rh/devtoolset-4/root/usr/share/man --infodir=/opt/rh/devtoolset-4/root/usr/share/info --with-bugurl=http://bugzilla.redhat.com/bugzilla --enable-shared --enable-threads=posix --enable-checking=release --enable-multilib --with-system-zlib --enable-__cxa_atexit --disable-libunwind-exceptions --enable-gnu-unique-object --enable-linker-build-id --enable-plugin --with-linker-hash-style=gnu --enable-initfini-array --disable-libgcj --with-default-libstdcxx-abi=gcc4-compatible --with-isl=/builddir/build/BUILD/gcc-5.3.1-20160406/obj-x86_64-redhat-linux/isl-install --enable-libmpx --enable-gnu-indirect-function --with-tune=generic --with-arch_32=i686 --build=x86_64-redhat-linux
Thread model: posix
gcc version 5.3.1 20160406 (Red Hat 5.3.1-6) (GCC) 
COMPILER_PATH=/opt/rh/devtoolset-4/root/usr/libexec/gcc/x86_64-redhat-linux/5.3.1/:/opt/rh/devtoolset-4/root/usr/libexec/gcc/x86_64-redhat-linux/5.3.1/:/opt/rh/devtoolset-4/root/usr/libexec/gcc/x86_64-redhat-linux/:/opt/rh/devtoolset-4/root/usr/lib/gcc/x86_64-redhat-linux/5.3.1/:/opt/rh/devtoolset-4/root/usr/lib/gcc/x86_64-redhat-linux/
LIBRARY_PATH=/opt/rh/devtoolset-4/root/usr/lib/gcc/x86_64-redhat-linux/5.3.1/:/opt/rh/devtoolset-4/root/usr/lib/gcc/x86_64-redhat-linux/5.3.1/../../../../lib64/:/lib/../lib64/:/usr/lib/../lib64/:/opt/rh/devtoolset-4/root/usr/lib/gcc/x86_64-redhat-linux/5.3.1/../../../:/lib/:/usr/lib/
COLLECT_GCC_OPTIONS='-v' '-rdynamic' '-o' 'cmTC_32543' '-shared-libgcc' '-mtune=generic' '-march=x86-64'
 /opt/rh/devtoolset-4/root/usr/libexec/gcc/x86_64-redhat-linux/5.3.1/collect2 -plugin /opt/rh/devtoolset-4/root/usr/libexec/gcc/x86_64-redhat-linux/5.3.1/liblto_plugin.so -plugin-opt=/opt/rh/devtoolset-4/root/usr/libexec/gcc/x86_64-redhat-linux/5.3.1/lto-wrapper -plugin-opt=-fresolution=/tmp/ccdiOzEG.res -plugin-opt=-pass-through=-lgcc_s -plugin-opt=-pass-through=-lgcc -plugin-opt=-pass-through=-lc -plugin-opt=-pass-through=-lgcc_s -plugin-opt=-pass-through=-lgcc --build-id --no-add-needed --eh-frame-hdr --hash-style=gnu -m elf_x86_64 -export-dynamic -dynamic-linker /lib64/ld-linux-x86-64.so.2 -o cmTC_32543 /lib/../lib64/crt1.o /lib/../lib64/crti.o /opt/rh/devtoolset-4/root/usr/lib/gcc/x86_64-redhat-linux/5.3.1/crtbegin.o -L/opt/rh/devtoolset-4/root/usr/lib/gcc/x86_64-redhat-linux/5.3.1 -L/opt/rh/devtoolset-4/root/usr/lib/gcc/x86_64-redhat-linux/5.3.1/../../../../lib64 -L/lib/../lib64 -L/usr/lib/../lib64 -L/opt/rh/devtoolset-4/root/usr/lib/gcc/x86_64-redhat-linux/5.3.1/../../.. CMakeFiles/cmTC_32543.dir/CMakeCXXCompilerABI.cpp.o -lstdc++ -lm -lgcc_s -lgcc -lc -lgcc_s -lgcc /opt/rh/devtoolset-4/root/usr/lib/gcc/x86_64-redhat-linux/5.3.1/crtend.o /lib/../lib64/crtn.o
gmake[1]: Leaving directory `/root/data/xmr-stak/CMakeFiles/CMakeTmp'


Parsed CXX implicit link information from above output:
  link line regex: [^( *|.*[/\])(ld|CMAKE_LINK_STARTFILE-NOTFOUND|([^/\]+-)?ld|collect2)[^/\]*( |$)]
  ignore line: [Change Dir: /root/data/xmr-stak/CMakeFiles/CMakeTmp]
  ignore line: []
  ignore line: [Run Build Command:"/usr/bin/gmake" "cmTC_32543/fast"]
  ignore line: [/usr/bin/gmake -f CMakeFiles/cmTC_32543.dir/build.make CMakeFiles/cmTC_32543.dir/build]
  ignore line: [gmake[1]: Entering directory `/root/data/xmr-stak/CMakeFiles/CMakeTmp']
  ignore line: [Building CXX object CMakeFiles/cmTC_32543.dir/CMakeCXXCompilerABI.cpp.o]
  ignore line: [/opt/rh/devtoolset-4/root/usr/bin/c++     -o CMakeFiles/cmTC_32543.dir/CMakeCXXCompilerABI.cpp.o -c /usr/share/cmake3/Modules/CMakeCXXCompilerABI.cpp]
  ignore line: [Linking CXX executable cmTC_32543]
  ignore line: [/usr/bin/cmake3 -E cmake_link_script CMakeFiles/cmTC_32543.dir/link.txt --verbose=1]
  ignore line: [/opt/rh/devtoolset-4/root/usr/bin/c++      -v -rdynamic CMakeFiles/cmTC_32543.dir/CMakeCXXCompilerABI.cpp.o  -o cmTC_32543 ]
  ignore line: [Using built-in specs.]
  ignore line: [COLLECT_GCC=/opt/rh/devtoolset-4/root/usr/bin/c++]
  ignore line: [COLLECT_LTO_WRAPPER=/opt/rh/devtoolset-4/root/usr/libexec/gcc/x86_64-redhat-linux/5.3.1/lto-wrapper]
  ignore line: [Target: x86_64-redhat-linux]
  ignore line: [Configured with: ../configure --enable-bootstrap --enable-languages=c,c++,fortran,lto --prefix=/opt/rh/devtoolset-4/root/usr --mandir=/opt/rh/devtoolset-4/root/usr/share/man --infodir=/opt/rh/devtoolset-4/root/usr/share/info --with-bugurl=http://bugzilla.redhat.com/bugzilla --enable-shared --enable-threads=posix --enable-checking=release --enable-multilib --with-system-zlib --enable-__cxa_atexit --disable-libunwind-exceptions --enable-gnu-unique-object --enable-linker-build-id --enable-plugin --with-linker-hash-style=gnu --enable-initfini-array --disable-libgcj --with-default-libstdcxx-abi=gcc4-compatible --with-isl=/builddir/build/BUILD/gcc-5.3.1-20160406/obj-x86_64-redhat-linux/isl-install --enable-libmpx --enable-gnu-indirect-function --with-tune=generic --with-arch_32=i686 --build=x86_64-redhat-linux]
  ignore line: [Thread model: posix]
  ignore line: [gcc version 5.3.1 20160406 (Red Hat 5.3.1-6) (GCC) ]
  ignore line: [COMPILER_PATH=/opt/rh/devtoolset-4/root/usr/libexec/gcc/x86_64-redhat-linux/5.3.1/:/opt/rh/devtoolset-4/root/usr/libexec/gcc/x86_64-redhat-linux/5.3.1/:/opt/rh/devtoolset-4/root/usr/libexec/gcc/x86_64-redhat-linux/:/opt/rh/devtoolset-4/root/usr/lib/gcc/x86_64-redhat-linux/5.3.1/:/opt/rh/devtoolset-4/root/usr/lib/gcc/x86_64-redhat-linux/]
  ignore line: [LIBRARY_PATH=/opt/rh/devtoolset-4/root/usr/lib/gcc/x86_64-redhat-linux/5.3.1/:/opt/rh/devtoolset-4/root/usr/lib/gcc/x86_64-redhat-linux/5.3.1/../../../../lib64/:/lib/../lib64/:/usr/lib/../lib64/:/opt/rh/devtoolset-4/root/usr/lib/gcc/x86_64-redhat-linux/5.3.1/../../../:/lib/:/usr/lib/]
  ignore line: [COLLECT_GCC_OPTIONS='-v' '-rdynamic' '-o' 'cmTC_32543' '-shared-libgcc' '-mtune=generic' '-march=x86-64']
  link line: [ /opt/rh/devtoolset-4/root/usr/libexec/gcc/x86_64-redhat-linux/5.3.1/collect2 -plugin /opt/rh/devtoolset-4/root/usr/libexec/gcc/x86_64-redhat-linux/5.3.1/liblto_plugin.so -plugin-opt=/opt/rh/devtoolset-4/root/usr/libexec/gcc/x86_64-redhat-linux/5.3.1/lto-wrapper -plugin-opt=-fresolution=/tmp/ccdiOzEG.res -plugin-opt=-pass-through=-lgcc_s -plugin-opt=-pass-through=-lgcc -plugin-opt=-pass-through=-lc -plugin-opt=-pass-through=-lgcc_s -plugin-opt=-pass-through=-lgcc --build-id --no-add-needed --eh-frame-hdr --hash-style=gnu -m elf_x86_64 -export-dynamic -dynamic-linker /lib64/ld-linux-x86-64.so.2 -o cmTC_32543 /lib/../lib64/crt1.o /lib/../lib64/crti.o /opt/rh/devtoolset-4/root/usr/lib/gcc/x86_64-redhat-linux/5.3.1/crtbegin.o -L/opt/rh/devtoolset-4/root/usr/lib/gcc/x86_64-redhat-linux/5.3.1 -L/opt/rh/devtoolset-4/root/usr/lib/gcc/x86_64-redhat-linux/5.3.1/../../../../lib64 -L/lib/../lib64 -L/usr/lib/../lib64 -L/opt/rh/devtoolset-4/root/usr/lib/gcc/x86_64-redhat-linux/5.3.1/../../.. CMakeFiles/cmTC_32543.dir/CMakeCXXCompilerABI.cpp.o -lstdc++ -lm -lgcc_s -lgcc -lc -lgcc_s -lgcc /opt/rh/devtoolset-4/root/usr/lib/gcc/x86_64-redhat-linux/5.3.1/crtend.o /lib/../lib64/crtn.o]
    arg [/opt/rh/devtoolset-4/root/usr/libexec/gcc/x86_64-redhat-linux/5.3.1/collect2] ==> ignore
    arg [-plugin] ==> ignore
    arg [/opt/rh/devtoolset-4/root/usr/libexec/gcc/x86_64-redhat-linux/5.3.1/liblto_plugin.so] ==> ignore
    arg [-plugin-opt=/opt/rh/devtoolset-4/root/usr/libexec/gcc/x86_64-redhat-linux/5.3.1/lto-wrapper] ==> ignore
    arg [-plugin-opt=-fresolution=/tmp/ccdiOzEG.res] ==> ignore
    arg [-plugin-opt=-pass-through=-lgcc_s] ==> ignore
    arg [-plugin-opt=-pass-through=-lgcc] ==> ignore
    arg [-plugin-opt=-pass-through=-lc] ==> ignore
    arg [-plugin-opt=-pass-through=-lgcc_s] ==> ignore
    arg [-plugin-opt=-pass-through=-lgcc] ==> ignore
    arg [--build-id] ==> ignore
    arg [--no-add-needed] ==> ignore
    arg [--eh-frame-hdr] ==> ignore
    arg [--hash-style=gnu] ==> ignore
    arg [-m] ==> ignore
    arg [elf_x86_64] ==> ignore
    arg [-export-dynamic] ==> ignore
    arg [-dynamic-linker] ==> ignore
    arg [/lib64/ld-linux-x86-64.so.2] ==> ignore
    arg [-o] ==> ignore
    arg [cmTC_32543] ==> ignore
    arg [/lib/../lib64/crt1.o] ==> ignore
    arg [/lib/../lib64/crti.o] ==> ignore
    arg [/opt/rh/devtoolset-4/root/usr/lib/gcc/x86_64-redhat-linux/5.3.1/crtbegin.o] ==> ignore
    arg [-L/opt/rh/devtoolset-4/root/usr/lib/gcc/x86_64-redhat-linux/5.3.1] ==> dir [/opt/rh/devtoolset-4/root/usr/lib/gcc/x86_64-redhat-linux/5.3.1]
    arg [-L/opt/rh/devtoolset-4/root/usr/lib/gcc/x86_64-redhat-linux/5.3.1/../../../../lib64] ==> dir [/opt/rh/devtoolset-4/root/usr/lib/gcc/x86_64-redhat-linux/5.3.1/../../../../lib64]
    arg [-L/lib/../lib64] ==> dir [/lib/../lib64]
    arg [-L/usr/lib/../lib64] ==> dir [/usr/lib/../lib64]
    arg [-L/opt/rh/devtoolset-4/root/usr/lib/gcc/x86_64-redhat-linux/5.3.1/../../..] ==> dir [/opt/rh/devtoolset-4/root/usr/lib/gcc/x86_64-redhat-linux/5.3.1/../../..]
    arg [CMakeFiles/cmTC_32543.dir/CMakeCXXCompilerABI.cpp.o] ==> ignore
    arg [-lstdc++] ==> lib [stdc++]
    arg [-lm] ==> lib [m]
    arg [-lgcc_s] ==> lib [gcc_s]
    arg [-lgcc] ==> lib [gcc]
    arg [-lc] ==> lib [c]
    arg [-lgcc_s] ==> lib [gcc_s]
    arg [-lgcc] ==> lib [gcc]
    arg [/opt/rh/devtoolset-4/root/usr/lib/gcc/x86_64-redhat-linux/5.3.1/crtend.o] ==> ignore
    arg [/lib/../lib64/crtn.o] ==> ignore
  collapse library dir [/opt/rh/devtoolset-4/root/usr/lib/gcc/x86_64-redhat-linux/5.3.1] ==> [/opt/rh/devtoolset-4/root/usr/lib/gcc/x86_64-redhat-linux/5.3.1]
  collapse library dir [/opt/rh/devtoolset-4/root/usr/lib/gcc/x86_64-redhat-linux/5.3.1/../../../../lib64] ==> [/opt/rh/devtoolset-4/root/usr/lib64]
  collapse library dir [/lib/../lib64] ==> [/lib64]
  collapse library dir [/usr/lib/../lib64] ==> [/usr/lib64]
  collapse library dir [/opt/rh/devtoolset-4/root/usr/lib/gcc/x86_64-redhat-linux/5.3.1/../../..] ==> [/opt/rh/devtoolset-4/root/usr/lib]
  implicit libs: [stdc++;m;gcc_s;gcc;c;gcc_s;gcc]
  implicit dirs: [/opt/rh/devtoolset-4/root/usr/lib/gcc/x86_64-redhat-linux/5.3.1;/opt/rh/devtoolset-4/root/usr/lib64;/lib64;/usr/lib64;/opt/rh/devtoolset-4/root/usr/lib]
  implicit fwks: []




Detecting CXX [-std=c++1z] compiler features compiled with the following output:
Change Dir: /root/data/xmr-stak/CMakeFiles/CMakeTmp

Run Build Command:"/usr/bin/gmake" "cmTC_338e5/fast"
/usr/bin/gmake -f CMakeFiles/cmTC_338e5.dir/build.make CMakeFiles/cmTC_338e5.dir/build
gmake[1]: Entering directory `/root/data/xmr-stak/CMakeFiles/CMakeTmp'
Building CXX object CMakeFiles/cmTC_338e5.dir/feature_tests.cxx.o
/opt/rh/devtoolset-4/root/usr/bin/c++    -std=c++1z -o CMakeFiles/cmTC_338e5.dir/feature_tests.cxx.o -c /root/data/xmr-stak/CMakeFiles/feature_tests.cxx
Linking CXX executable cmTC_338e5
/usr/bin/cmake3 -E cmake_link_script CMakeFiles/cmTC_338e5.dir/link.txt --verbose=1
/opt/rh/devtoolset-4/root/usr/bin/c++       -rdynamic CMakeFiles/cmTC_338e5.dir/feature_tests.cxx.o  -o cmTC_338e5 
gmake[1]: Leaving directory `/root/data/xmr-stak/CMakeFiles/CMakeTmp'


    Feature record: CXX_FEATURE:1cxx_aggregate_default_initializers
    Feature record: CXX_FEATURE:1cxx_alias_templates
    Feature record: CXX_FEATURE:1cxx_alignas
    Feature record: CXX_FEATURE:1cxx_alignof
    Feature record: CXX_FEATURE:1cxx_attributes
    Feature record: CXX_FEATURE:1cxx_attribute_deprecated
    Feature record: CXX_FEATURE:1cxx_auto_type
    Feature record: CXX_FEATURE:1cxx_binary_literals
    Feature record: CXX_FEATURE:1cxx_constexpr
    Feature record: CXX_FEATURE:1cxx_contextual_conversions
    Feature record: CXX_FEATURE:1cxx_decltype
    Feature record: CXX_FEATURE:1cxx_decltype_auto
    Feature record: CXX_FEATURE:1cxx_decltype_incomplete_return_types
    Feature record: CXX_FEATURE:1cxx_default_function_template_args
    Feature record: CXX_FEATURE:1cxx_defaulted_functions
    Feature record: CXX_FEATURE:1cxx_defaulted_move_initializers
    Feature record: CXX_FEATURE:1cxx_delegating_constructors
    Feature record: CXX_FEATURE:1cxx_deleted_functions
    Feature record: CXX_FEATURE:1cxx_digit_separators
    Feature record: CXX_FEATURE:1cxx_enum_forward_declarations
    Feature record: CXX_FEATURE:1cxx_explicit_conversions
    Feature record: CXX_FEATURE:1cxx_extended_friend_declarations
    Feature record: CXX_FEATURE:1cxx_extern_templates
    Feature record: CXX_FEATURE:1cxx_final
    Feature record: CXX_FEATURE:1cxx_func_identifier
    Feature record: CXX_FEATURE:1cxx_generalized_initializers
    Feature record: CXX_FEATURE:1cxx_generic_lambdas
    Feature record: CXX_FEATURE:1cxx_inheriting_constructors
    Feature record: CXX_FEATURE:1cxx_inline_namespaces
    Feature record: CXX_FEATURE:1cxx_lambdas
    Feature record: CXX_FEATURE:1cxx_lambda_init_captures
    Feature record: CXX_FEATURE:1cxx_local_type_template_args
    Feature record: CXX_FEATURE:1cxx_long_long_type
    Feature record: CXX_FEATURE:1cxx_noexcept
    Feature record: CXX_FEATURE:1cxx_nonstatic_member_init
    Feature record: CXX_FEATURE:1cxx_nullptr
    Feature record: CXX_FEATURE:1cxx_override
    Feature record: CXX_FEATURE:1cxx_range_for
    Feature record: CXX_FEATURE:1cxx_raw_string_literals
    Feature record: CXX_FEATURE:1cxx_reference_qualified_functions
    Feature record: CXX_FEATURE:1cxx_relaxed_constexpr
    Feature record: CXX_FEATURE:1cxx_return_type_deduction
    Feature record: CXX_FEATURE:1cxx_right_angle_brackets
    Feature record: CXX_FEATURE:1cxx_rvalue_references
    Feature record: CXX_FEATURE:1cxx_sizeof_member
    Feature record: CXX_FEATURE:1cxx_static_assert
    Feature record: CXX_FEATURE:1cxx_strong_enums
    Feature record: CXX_FEATURE:1cxx_template_template_parameters
    Feature record: CXX_FEATURE:1cxx_thread_local
    Feature record: CXX_FEATURE:1cxx_trailing_return_types
    Feature record: CXX_FEATURE:1cxx_unicode_literals
    Feature record: CXX_FEATURE:1cxx_uniform_initialization
    Feature record: CXX_FEATURE:1cxx_unrestricted_unions
    Feature record: CXX_FEATURE:1cxx_user_literals
    Feature record: CXX_FEATURE:1cxx_variable_templates
    Feature record: CXX_FEATURE:1cxx_variadic_macros
    Feature record: CXX_FEATURE:1cxx_variadic_templates


Detecting CXX [-std=c++14] compiler features compiled with the following output:
Change Dir: /root/data/xmr-stak/CMakeFiles/CMakeTmp

Run Build Command:"/usr/bin/gmake" "cmTC_808bd/fast"
/usr/bin/gmake -f CMakeFiles/cmTC_808bd.dir/build.make CMakeFiles/cmTC_808bd.dir/build
gmake[1]: Entering directory `/root/data/xmr-stak/CMakeFiles/CMakeTmp'
Building CXX object CMakeFiles/cmTC_808bd.dir/feature_tests.cxx.o
/opt/rh/devtoolset-4/root/usr/bin/c++    -std=c++14 -o CMakeFiles/cmTC_808bd.dir/feature_tests.cxx.o -c /root/data/xmr-stak/CMakeFiles/feature_tests.cxx
Linking CXX executable cmTC_808bd
/usr/bin/cmake3 -E cmake_link_script CMakeFiles/cmTC_808bd.dir/link.txt --verbose=1
/opt/rh/devtoolset-4/root/usr/bin/c++       -rdynamic CMakeFiles/cmTC_808bd.dir/feature_tests.cxx.o  -o cmTC_808bd 
gmake[1]: Leaving directory `/root/data/xmr-stak/CMakeFiles/CMakeTmp'


    Feature record: CXX_FEATURE:1cxx_aggregate_default_initializers
    Feature record: CXX_FEATURE:1cxx_alias_templates
    Feature record: CXX_FEATURE:1cxx_alignas
    Feature record: CXX_FEATURE:1cxx_alignof
    Feature record: CXX_FEATURE:1cxx_attributes
    Feature record: CXX_FEATURE:1cxx_attribute_deprecated
    Feature record: CXX_FEATURE:1cxx_auto_type
    Feature record: CXX_FEATURE:1cxx_binary_literals
    Feature record: CXX_FEATURE:1cxx_constexpr
    Feature record: CXX_FEATURE:1cxx_contextual_conversions
    Feature record: CXX_FEATURE:1cxx_decltype
    Feature record: CXX_FEATURE:1cxx_decltype_auto
    Feature record: CXX_FEATURE:1cxx_decltype_incomplete_return_types
    Feature record: CXX_FEATURE:1cxx_default_function_template_args
    Feature record: CXX_FEATURE:1cxx_defaulted_functions
    Feature record: CXX_FEATURE:1cxx_defaulted_move_initializers
    Feature record: CXX_FEATURE:1cxx_delegating_constructors
    Feature record: CXX_FEATURE:1cxx_deleted_functions
    Feature record: CXX_FEATURE:1cxx_digit_separators
    Feature record: CXX_FEATURE:1cxx_enum_forward_declarations
    Feature record: CXX_FEATURE:1cxx_explicit_conversions
    Feature record: CXX_FEATURE:1cxx_extended_friend_declarations
    Feature record: CXX_FEATURE:1cxx_extern_templates
    Feature record: CXX_FEATURE:1cxx_final
    Feature record: CXX_FEATURE:1cxx_func_identifier
    Feature record: CXX_FEATURE:1cxx_generalized_initializers
    Feature record: CXX_FEATURE:1cxx_generic_lambdas
    Feature record: CXX_FEATURE:1cxx_inheriting_constructors
    Feature record: CXX_FEATURE:1cxx_inline_namespaces
    Feature record: CXX_FEATURE:1cxx_lambdas
    Feature record: CXX_FEATURE:1cxx_lambda_init_captures
    Feature record: CXX_FEATURE:1cxx_local_type_template_args
    Feature record: CXX_FEATURE:1cxx_long_long_type
    Feature record: CXX_FEATURE:1cxx_noexcept
    Feature record: CXX_FEATURE:1cxx_nonstatic_member_init
    Feature record: CXX_FEATURE:1cxx_nullptr
    Feature record: CXX_FEATURE:1cxx_override
    Feature record: CXX_FEATURE:1cxx_range_for
    Feature record: CXX_FEATURE:1cxx_raw_string_literals
    Feature record: CXX_FEATURE:1cxx_reference_qualified_functions
    Feature record: CXX_FEATURE:1cxx_relaxed_constexpr
    Feature record: CXX_FEATURE:1cxx_return_type_deduction
    Feature record: CXX_FEATURE:1cxx_right_angle_brackets
    Feature record: CXX_FEATURE:1cxx_rvalue_references
    Feature record: CXX_FEATURE:1cxx_sizeof_member
    Feature record: CXX_FEATURE:1cxx_static_assert
    Feature record: CXX_FEATURE:1cxx_strong_enums
    Feature record: CXX_FEATURE:1cxx_template_template_parameters
    Feature record: CXX_FEATURE:1cxx_thread_local
    Feature record: CXX_FEATURE:1cxx_trailing_return_types
    Feature record: CXX_FEATURE:1cxx_unicode_literals
    Feature record: CXX_FEATURE:1cxx_uniform_initialization
    Feature record: CXX_FEATURE:1cxx_unrestricted_unions
    Feature record: CXX_FEATURE:1cxx_user_literals
    Feature record: CXX_FEATURE:1cxx_variable_templates
    Feature record: CXX_FEATURE:1cxx_variadic_macros
    Feature record: CXX_FEATURE:1cxx_variadic_templates


Detecting CXX [-std=c++11] compiler features compiled with the following output:
Change Dir: /root/data/xmr-stak/CMakeFiles/CMakeTmp

Run Build Command:"/usr/bin/gmake" "cmTC_9efd2/fast"
/usr/bin/gmake -f CMakeFiles/cmTC_9efd2.dir/build.make CMakeFiles/cmTC_9efd2.dir/build
gmake[1]: Entering directory `/root/data/xmr-stak/CMakeFiles/CMakeTmp'
Building CXX object CMakeFiles/cmTC_9efd2.dir/feature_tests.cxx.o
/opt/rh/devtoolset-4/root/usr/bin/c++    -std=c++11 -o CMakeFiles/cmTC_9efd2.dir/feature_tests.cxx.o -c /root/data/xmr-stak/CMakeFiles/feature_tests.cxx
Linking CXX executable cmTC_9efd2
/usr/bin/cmake3 -E cmake_link_script CMakeFiles/cmTC_9efd2.dir/link.txt --verbose=1
/opt/rh/devtoolset-4/root/usr/bin/c++       -rdynamic CMakeFiles/cmTC_9efd2.dir/feature_tests.cxx.o  -o cmTC_9efd2 
gmake[1]: Leaving directory `/root/data/xmr-stak/CMakeFiles/CMakeTmp'


    Feature record: CXX_FEATURE:0cxx_aggregate_default_initializers
    Feature record: CXX_FEATURE:1cxx_alias_templates
    Feature record: CXX_FEATURE:1cxx_alignas
    Feature record: CXX_FEATURE:1cxx_alignof
    Feature record: CXX_FEATURE:1cxx_attributes
    Feature record: CXX_FEATURE:0cxx_attribute_deprecated
    Feature record: CXX_FEATURE:1cxx_auto_type
    Feature record: CXX_FEATURE:0cxx_binary_literals
    Feature record: CXX_FEATURE:1cxx_constexpr
    Feature record: CXX_FEATURE:0cxx_contextual_conversions
    Feature record: CXX_FEATURE:1cxx_decltype
    Feature record: CXX_FEATURE:0cxx_decltype_auto
    Feature record: CXX_FEATURE:1cxx_decltype_incomplete_return_types
    Feature record: CXX_FEATURE:1cxx_default_function_template_args
    Feature record: CXX_FEATURE:1cxx_defaulted_functions
    Feature record: CXX_FEATURE:1cxx_defaulted_move_initializers
    Feature record: CXX_FEATURE:1cxx_delegating_constructors
    Feature record: CXX_FEATURE:1cxx_deleted_functions
    Feature record: CXX_FEATURE:0cxx_digit_separators
    Feature record: CXX_FEATURE:1cxx_enum_forward_declarations
    Feature record: CXX_FEATURE:1cxx_explicit_conversions
    Feature record: CXX_FEATURE:1cxx_extended_friend_declarations
    Feature record: CXX_FEATURE:1cxx_extern_templates
    Feature record: CXX_FEATURE:1cxx_final
    Feature record: CXX_FEATURE:1cxx_func_identifier
    Feature record: CXX_FEATURE:1cxx_generalized_initializers
    Feature record: CXX_FEATURE:0cxx_generic_lambdas
    Feature record: CXX_FEATURE:1cxx_inheriting_constructors
    Feature record: CXX_FEATURE:1cxx_inline_namespaces
    Feature record: CXX_FEATURE:1cxx_lambdas
    Feature record: CXX_FEATURE:0cxx_lambda_init_captures
    Feature record: CXX_FEATURE:1cxx_local_type_template_args
    Feature record: CXX_FEATURE:1cxx_long_long_type
    Feature record: CXX_FEATURE:1cxx_noexcept
    Feature record: CXX_FEATURE:1cxx_nonstatic_member_init
    Feature record: CXX_FEATURE:1cxx_nullptr
    Feature record: CXX_FEATURE:1cxx_override
    Feature record: CXX_FEATURE:1cxx_range_for
    Feature record: CXX_FEATURE:1cxx_raw_string_literals
    Feature record: CXX_FEATURE:1cxx_reference_qualified_functions
    Feature record: CXX_FEATURE:0cxx_relaxed_constexpr
    Feature record: CXX_FEATURE:0cxx_return_type_deduction
    Feature record: CXX_FEATURE:1cxx_right_angle_brackets
    Feature record: CXX_FEATURE:1cxx_rvalue_references
    Feature record: CXX_FEATURE:1cxx_sizeof_member
    Feature record: CXX_FEATURE:1cxx_static_assert
    Feature record: CXX_FEATURE:1cxx_strong_enums
    Feature record: CXX_FEATURE:1cxx_template_template_parameters
    Feature record: CXX_FEATURE:1cxx_thread_local
    Feature record: CXX_FEATURE:1cxx_trailing_return_types
    Feature record: CXX_FEATURE:1cxx_unicode_literals
    Feature record: CXX_FEATURE:1cxx_uniform_initialization
    Feature record: CXX_FEATURE:1cxx_unrestricted_unions
    Feature record: CXX_FEATURE:1cxx_user_literals
    Feature record: CXX_FEATURE:0cxx_variable_templates
    Feature record: CXX_FEATURE:1cxx_variadic_macros
    Feature record: CXX_FEATURE:1cxx_variadic_templates


Detecting CXX [-std=c++98] compiler features compiled with the following output:
Change Dir: /root/data/xmr-stak/CMakeFiles/CMakeTmp

Run Build Command:"/usr/bin/gmake" "cmTC_58b4a/fast"
/usr/bin/gmake -f CMakeFiles/cmTC_58b4a.dir/build.make CMakeFiles/cmTC_58b4a.dir/build
gmake[1]: Entering directory `/root/data/xmr-stak/CMakeFiles/CMakeTmp'
Building CXX object CMakeFiles/cmTC_58b4a.dir/feature_tests.cxx.o
/opt/rh/devtoolset-4/root/usr/bin/c++    -std=c++98 -o CMakeFiles/cmTC_58b4a.dir/feature_tests.cxx.o -c /root/data/xmr-stak/CMakeFiles/feature_tests.cxx
Linking CXX executable cmTC_58b4a
/usr/bin/cmake3 -E cmake_link_script CMakeFiles/cmTC_58b4a.dir/link.txt --verbose=1
/opt/rh/devtoolset-4/root/usr/bin/c++       -rdynamic CMakeFiles/cmTC_58b4a.dir/feature_tests.cxx.o  -o cmTC_58b4a 
gmake[1]: Leaving directory `/root/data/xmr-stak/CMakeFiles/CMakeTmp'


    Feature record: CXX_FEATURE:0cxx_aggregate_default_initializers
    Feature record: CXX_FEATURE:0cxx_alias_templates
    Feature record: CXX_FEATURE:0cxx_alignas
    Feature record: CXX_FEATURE:0cxx_alignof
    Feature record: CXX_FEATURE:0cxx_attributes
    Feature record: CXX_FEATURE:0cxx_attribute_deprecated
    Feature record: CXX_FEATURE:0cxx_auto_type
    Feature record: CXX_FEATURE:0cxx_binary_literals
    Feature record: CXX_FEATURE:0cxx_constexpr
    Feature record: CXX_FEATURE:0cxx_contextual_conversions
    Feature record: CXX_FEATURE:0cxx_decltype
    Feature record: CXX_FEATURE:0cxx_decltype_auto
    Feature record: CXX_FEATURE:0cxx_decltype_incomplete_return_types
    Feature record: CXX_FEATURE:0cxx_default_function_template_args
    Feature record: CXX_FEATURE:0cxx_defaulted_functions
    Feature record: CXX_FEATURE:0cxx_defaulted_move_initializers
    Feature record: CXX_FEATURE:0cxx_delegating_constructors
    Feature record: CXX_FEATURE:0cxx_deleted_functions
    Feature record: CXX_FEATURE:0cxx_digit_separators
    Feature record: CXX_FEATURE:0cxx_enum_forward_declarations
    Feature record: CXX_FEATURE:0cxx_explicit_conversions
    Feature record: CXX_FEATURE:0cxx_extended_friend_declarations
    Feature record: CXX_FEATURE:0cxx_extern_templates
    Feature record: CXX_FEATURE:0cxx_final
    Feature record: CXX_FEATURE:0cxx_func_identifier
    Feature record: CXX_FEATURE:0cxx_generalized_initializers
    Feature record: CXX_FEATURE:0cxx_generic_lambdas
    Feature record: CXX_FEATURE:0cxx_inheriting_constructors
    Feature record: CXX_FEATURE:0cxx_inline_namespaces
    Feature record: CXX_FEATURE:0cxx_lambdas
    Feature record: CXX_FEATURE:0cxx_lambda_init_captures
    Feature record: CXX_FEATURE:0cxx_local_type_template_args
    Feature record: CXX_FEATURE:0cxx_long_long_type
    Feature record: CXX_FEATURE:0cxx_noexcept
    Feature record: CXX_FEATURE:0cxx_nonstatic_member_init
    Feature record: CXX_FEATURE:0cxx_nullptr
    Feature record: CXX_FEATURE:0cxx_override
    Feature record: CXX_FEATURE:0cxx_range_for
    Feature record: CXX_FEATURE:0cxx_raw_string_literals
    Feature record: CXX_FEATURE:0cxx_reference_qualified_functions
    Feature record: CXX_FEATURE:0cxx_relaxed_constexpr
    Feature record: CXX_FEATURE:0cxx_return_type_deduction
    Feature record: CXX_FEATURE:0cxx_right_angle_brackets
    Feature record: CXX_FEATURE:0cxx_rvalue_references
    Feature record: CXX_FEATURE:0cxx_sizeof_member
    Feature record: CXX_FEATURE:0cxx_static_assert
    Feature record: CXX_FEATURE:0cxx_strong_enums
    Feature record: CXX_FEATURE:1cxx_template_template_parameters
    Feature record: CXX_FEATURE:0cxx_thread_local
    Feature record: CXX_FEATURE:0cxx_trailing_return_types
    Feature record: CXX_FEATURE:0cxx_unicode_literals
    Feature record: CXX_FEATURE:0cxx_uniform_initialization
    Feature record: CXX_FEATURE:0cxx_unrestricted_unions
    Feature record: CXX_FEATURE:0cxx_user_literals
    Feature record: CXX_FEATURE:0cxx_variable_templates
    Feature record: CXX_FEATURE:0cxx_variadic_macros
    Feature record: CXX_FEATURE:0cxx_variadic_templates
Determining if the include file pthread.h exists passed with the following output:
Change Dir: /root/data/xmr-stak/CMakeFiles/CMakeTmp

Run Build Command:"/usr/bin/gmake" "cmTC_ab465/fast"
/usr/bin/gmake -f CMakeFiles/cmTC_ab465.dir/build.make CMakeFiles/cmTC_ab465.dir/build
gmake[1]: Entering directory `/root/data/xmr-stak/CMakeFiles/CMakeTmp'
Building C object CMakeFiles/cmTC_ab465.dir/CheckIncludeFile.c.o
/opt/rh/devtoolset-4/root/usr/bin/cc   -march=native -mtune=native     -o CMakeFiles/cmTC_ab465.dir/CheckIncludeFile.c.o   -c /root/data/xmr-stak/CMakeFiles/CMakeTmp/CheckIncludeFile.c
Linking C executable cmTC_ab465
/usr/bin/cmake3 -E cmake_link_script CMakeFiles/cmTC_ab465.dir/link.txt --verbose=1
/opt/rh/devtoolset-4/root/usr/bin/cc -march=native -mtune=native      CMakeFiles/cmTC_ab465.dir/CheckIncludeFile.c.o  -o cmTC_ab465 
gmake[1]: Leaving directory `/root/data/xmr-stak/CMakeFiles/CMakeTmp'


Determining if the function pthread_create exists in the pthread passed with the following output:
Change Dir: /root/data/xmr-stak/CMakeFiles/CMakeTmp

Run Build Command:"/usr/bin/gmake" "cmTC_1f2cd/fast"
/usr/bin/gmake -f CMakeFiles/cmTC_1f2cd.dir/build.make CMakeFiles/cmTC_1f2cd.dir/build
gmake[1]: Entering directory `/root/data/xmr-stak/CMakeFiles/CMakeTmp'
Building C object CMakeFiles/cmTC_1f2cd.dir/CheckFunctionExists.c.o
/opt/rh/devtoolset-4/root/usr/bin/cc   -march=native -mtune=native  -DCHECK_FUNCTION_EXISTS=pthread_create   -o CMakeFiles/cmTC_1f2cd.dir/CheckFunctionExists.c.o   -c /usr/share/cmake3/Modules/CheckFunctionExists.c
Linking C executable cmTC_1f2cd
/usr/bin/cmake3 -E cmake_link_script CMakeFiles/cmTC_1f2cd.dir/link.txt --verbose=1
/opt/rh/devtoolset-4/root/usr/bin/cc -march=native -mtune=native  -DCHECK_FUNCTION_EXISTS=pthread_create    CMakeFiles/cmTC_1f2cd.dir/CheckFunctionExists.c.o  -o cmTC_1f2cd -lpthread 
gmake[1]: Leaving directory `/root/data/xmr-stak/CMakeFiles/CMakeTmp'


